<?xml version="1.0" encoding="UTF-8"?>
<!-- Generated by org.testng.reporters.JUnitReportReporter -->
<testsuite skipped="0" hostname="DESKTOP-6PIVDCP" name="api.automation.apihandson.ApiTest" tests="8" failures="0" timestamp="17 May 2022 08:34:41 GMT" time="18.569" errors="0">
  <testcase name="deleteMethod" time="1.598" classname="api.automation.apihandson.ApiTest"/>
  <testcase name="getMethod" time="5.068" classname="api.automation.apihandson.ApiTest"/>
  <testcase name="putMethodWithJsonObject" time="1.804" classname="api.automation.apihandson.ApiTest"/>
  <testcase name="putMethodWithEscapeChar" time="1.669" classname="api.automation.apihandson.ApiTest"/>
  <testcase name="getMethod404" time="2.088" classname="api.automation.apihandson.ApiTest"/>
  <testcase name="postMethodWithJsonFile" time="1.718" classname="api.automation.apihandson.ApiTest"/>
  <testcase name="postMethodWithEscapeChar" time="2.820" classname="api.automation.apihandson.ApiTest"/>
  <testcase name="deleteMethod404" time="1.804" classname="api.automation.apihandson.ApiTest"/>
</testsuite> <!-- api.automation.apihandson.ApiTest -->
